<?xml version="1.0" encoding="UTF-8"?>
<!-- Generated by org.testng.reporters.JUnitReportReporter -->
<testsuite hostname="mohit-PC" name="Test_NG_Package2.Test_NG_Class21" tests="1" failures="0" timestamp="23 Dec 2018 21:17:56 GMT" time="27.798" errors="0">
  <testcase name="auto" time="27.798" classname="Test_NG_Package2.Test_NG_Class21"/>
</testsuite> <!-- Test_NG_Package2.Test_NG_Class21 -->
