<?xml version="1.0" encoding="UTF-8"?>
<!-- Generated by org.testng.reporters.JUnitReportReporter -->
<testsuite skipped="0" hostname="mohit-PC" name="Test_NG_Package2.Test_NG_Class22" tests="2" failures="0" timestamp="22 Dec 2018 08:58:32 GMT" time="0.005" errors="0">
  <testcase name="auto" time="0.002" classname="Test_NG_Package2.Test_NG_Class22"/>
  <testcase name="boat" time="0.003" classname="Test_NG_Package2.Test_NG_Class22"/>
</testsuite> <!-- Test_NG_Package2.Test_NG_Class22 -->
