<?xml version="1.0" encoding="UTF-8"?>
<!-- Generated by org.testng.reporters.JUnitReportReporter -->
<testsuite skipped="0" hostname="mohit-PC" name="Test_NG_Package1.Test_NG_Class12" tests="1" failures="0" timestamp="22 Dec 2018 09:11:02 GMT" time="0.013" errors="0">
  <testcase name="homeOwners" time="0.013" classname="Test_NG_Package1.Test_NG_Class12"/>
</testsuite> <!-- Test_NG_Package1.Test_NG_Class12 -->
